<?xml version="1.0" encoding="UTF-8"?>
<!-- Generated by org.testng.reporters.JUnitReportReporter -->
<testsuite hostname="DESKTOP-HT29D9E" failures="0" tests="1" name="com.selenium.AppTest" time="0.032" errors="0" timestamp="2025-04-14T14:10:06 IST" skipped="0">
  <testcase classname="com.selenium.AppTest" name="testExample" time="0.032"/>
  <system-out/>
</testsuite> <!-- com.selenium.AppTest -->
